d:\2 семестр\dijkstra\dijkstra\debug\dijkstra.pch
d:\2 семестр\dijkstra\dijkstra\debug\vc140.pdb
d:\2 семестр\dijkstra\dijkstra\debug\stdafx.obj
d:\2 семестр\dijkstra\dijkstra\debug\dijkstra.obj
d:\2 семестр\dijkstra\dijkstra\debug\assemblyinfo.obj
d:\2 семестр\dijkstra\dijkstra\debug\.netframework,version=v4.6.assemblyattributes.obj
d:\2 семестр\dijkstra\dijkstra\debug\.netframework,version=v4.6.assemblyattributes.asm
d:\2 семестр\dijkstra\debug\dijkstra.exe
d:\2 семестр\dijkstra\debug\dijkstra.pdb
d:\2 семестр\dijkstra\dijkstra\debug\app.res
d:\2 семестр\dijkstra\dijkstra\debug\dijkstra.tlog\cl.command.1.tlog
d:\2 семестр\dijkstra\dijkstra\debug\dijkstra.tlog\cl.read.1.tlog
d:\2 семестр\dijkstra\dijkstra\debug\dijkstra.tlog\cl.write.1.tlog
d:\2 семестр\dijkstra\dijkstra\debug\dijkstra.tlog\link.command.1.tlog
d:\2 семестр\dijkstra\dijkstra\debug\dijkstra.tlog\link.read.1.tlog
d:\2 семестр\dijkstra\dijkstra\debug\dijkstra.tlog\link.write.1.tlog
d:\2 семестр\dijkstra\dijkstra\debug\dijkstra.tlog\metagen.read.1.tlog
d:\2 семестр\dijkstra\dijkstra\debug\dijkstra.tlog\metagen.write.1.tlog
d:\2 семестр\dijkstra\dijkstra\debug\dijkstra.tlog\rc.command.1.tlog
d:\2 семестр\dijkstra\dijkstra\debug\dijkstra.tlog\rc.read.1.tlog
d:\2 семестр\dijkstra\dijkstra\debug\dijkstra.tlog\rc.write.1.tlog
d:\2 семестр\dijkstra\dijkstra\debug\dijkstra.tlog\tzres.dll.bi
